<?xml version="1.0" encoding="UTF-8"?>
<!-- Generated by org.testng.reporters.JUnitXMLReporter -->
<testsuite ignored="2" hostname="DESKTOP-S4IV5IQ" failures="0" tests="3" name="Test" time="9.477" errors="0" timestamp="2023-04-11T08:36:03 IST">
  <testcase classname="TestClass.UpdateTest" name="login" time="1.122"/>
  <testcase classname="TestClass.UpdateTest" name="view" time="7.885"/>
  <testcase classname="TestClass.CvTest" name="uploadCV" time="0.225"/>
  <testcase classname="TestClass.BaseTest" name="@AfterSuite tearDown" time="0.0">
    <ignored/>
  </testcase> <!-- @AfterSuite tearDown -->
  <testcase classname="TestClass.BaseTest" name="@BeforeSuite initBrowser" time="0.0">
    <ignored/>
  </testcase> <!-- @BeforeSuite initBrowser -->
</testsuite> <!-- Test -->
