<?xml version="1.0" encoding="UTF-8"?>
<!-- Generated by org.testng.reporters.JUnitXMLReporter -->
<testsuite ignored="2" hostname="DESKTOP-S4IV5IQ" failures="0" tests="3" name="Test" time="23.664" errors="0" timestamp="2023-10-04T19:26:57 IST">
  <testcase classname="TestClass.UpdateTest" name="login" time="4.276"/>
  <testcase classname="TestClass.UpdateTest" name="view" time="17.793"/>
  <testcase classname="TestClass.CvTest" name="uploadCV" time="0.309"/>
  <testcase classname="TestClass.BaseTest" name="@AfterSuite tearDown" time="0.0">
    <ignored/>
  </testcase> <!-- @AfterSuite tearDown -->
  <testcase classname="TestClass.BaseTest" name="@BeforeSuite initBrowser" time="0.0">
    <ignored/>
  </testcase> <!-- @BeforeSuite initBrowser -->
</testsuite> <!-- Test -->
