<?xml version="1.0" encoding="UTF-8"?>
<testsuite xmlns:xsi="http://www.w3.org/2001/XMLSchema-instance" xsi:noNamespaceSchemaLocation="https://maven.apache.org/surefire/maven-surefire-plugin/xsd/surefire-test-report.xsd" name="TestSuite" time="153.446" tests="3" errors="0" skipped="0" failures="0">
  <properties>
[...]
</properties>
  <testcase name="login" classname="TestClass.UpdateTest" time="4.56"/>
  <testcase name="view" classname="TestClass.UpdateTest" time="17.514"/>
  <testcase name="uploadCV" classname="TestClass.CvTest" time="0.311"/>
</testsuite>