<?xml version="1.0" encoding="UTF-8"?>
<testng-results ignored="2" total="5" passed="3" failed="0" skipped="0">
  <reporter-output>
  </reporter-output>
  <suite started-at="2023-04-11T08:35:53 IST" name="Suite" finished-at="2023-04-11T08:36:02 IST" duration-ms="9477">
    <groups>
    </groups>
    <test started-at="2023-04-11T08:35:53 IST" name="Test" finished-at="2023-04-11T08:36:02 IST" duration-ms="9477">
      <class name="TestClass.CvTest">
        <test-method is-config="true" signature="creatObject()[pri:0, instance:TestClass.CvTest@1e6a3214]" started-at="2023-04-11T08:36:02 IST" name="creatObject" finished-at="2023-04-11T08:36:02 IST" duration-ms="1" status="PASS">
          <reporter-output>
          </reporter-output>
        </test-method> <!-- creatObject -->
        <test-method signature="uploadCV()[pri:0, instance:TestClass.CvTest@1e6a3214]" started-at="2023-04-11T08:36:02 IST" name="uploadCV" finished-at="2023-04-11T08:36:02 IST" duration-ms="225" status="PASS">
          <reporter-output>
          </reporter-output>
        </test-method> <!-- uploadCV -->
      </class> <!-- TestClass.CvTest -->
      <class name="TestClass.UpdateTest">
        <test-method is-config="true" signature="initBrowser()[pri:0, instance:TestClass.UpdateTest@6340e5f0]" started-at="2023-04-11T08:35:07 IST" name="initBrowser" finished-at="2023-04-11T08:35:53 IST" duration-ms="45095" status="PASS">
          <reporter-output>
          </reporter-output>
        </test-method> <!-- initBrowser -->
        <test-method is-config="true" signature="creatObject()[pri:0, instance:TestClass.UpdateTest@6340e5f0]" started-at="2023-04-11T08:35:53 IST" name="creatObject" finished-at="2023-04-11T08:35:53 IST" duration-ms="8" status="PASS">
          <reporter-output>
          </reporter-output>
        </test-method> <!-- creatObject -->
        <test-method signature="login()[pri:0, instance:TestClass.UpdateTest@6340e5f0]" started-at="2023-04-11T08:35:53 IST" name="login" finished-at="2023-04-11T08:35:54 IST" duration-ms="1122" status="PASS">
          <reporter-output>
          </reporter-output>
        </test-method> <!-- login -->
        <test-method signature="view()[pri:0, instance:TestClass.UpdateTest@6340e5f0]" started-at="2023-04-11T08:35:54 IST" name="view" finished-at="2023-04-11T08:36:02 IST" duration-ms="7885" status="PASS">
          <reporter-output>
          </reporter-output>
        </test-method> <!-- view -->
        <test-method is-config="true" signature="tearDown()[pri:0, instance:TestClass.UpdateTest@6340e5f0]" started-at="2023-04-11T08:36:04 IST" name="tearDown" finished-at="2023-04-11T08:36:10 IST" duration-ms="6061" status="PASS">
          <reporter-output>
          </reporter-output>
        </test-method> <!-- tearDown -->
      </class> <!-- TestClass.UpdateTest -->
    </test> <!-- Test -->
  </suite> <!-- Suite -->
</testng-results>
